2004.05.15 15:58 B C:\Mohit\www\base\ip.txt <-- Mohit /www/base ip.txt
2004.05.15 15:58 B C:\Mohit\www\base\webschedule.html <-- Mohit /www/base webschedule.html
2004.05.15 15:58 B C:\Mohit\www\base\updates1.html <-- Mohit /www/base updates1.html
2004.05.15 15:58 B C:\Mohit\www\base\webschedule.html.bk <-- Mohit /www/base webschedule.html.bk
2004.05.15 15:58 B C:\Mohit\www\base\registration.html <-- Mohit /www/base registration.html
2004.05.15 15:58 B C:\Mohit\www\base\registration.backup <-- Mohit /www/base registration.backup
2004.05.15 15:58 B C:\Mohit\www\base\webschedule1.html <-- Mohit /www/base webschedule1.html
2004.05.15 15:58 B C:\Mohit\www\base\updates.html <-- Mohit /www/base updates.html
2004.05.15 15:58 B C:\Mohit\www\base\schedule.html <-- Mohit /www/base schedule.html
2004.05.15 15:58 B C:\Mohit\www\base\popup2.html <-- Mohit /www/base popup2.html
2004.05.15 15:58 B C:\Mohit\www\base\contactus.html <-- Mohit /www/base contactus.html
2004.05.15 15:59 B C:\Mohit\www\base\assistance.html <-- Mohit /www/base assistance.html
2004.05.15 15:59 B C:\Mohit\www\base\schedule1.html <-- Mohit /www/base schedule1.html
2004.05.15 15:59 B C:\Mohit\www\base\Schedule.pdf <-- Mohit /www/base Schedule.pdf
2004.05.15 15:59 B C:\Mohit\www\base\acco_part.php <-- Mohit /www/base acco_part.php
2004.05.15 15:59 B C:\Mohit\www\base\sitemap.html <-- Mohit /www/base sitemap.html
2004.05.15 15:59 B C:\Mohit\www\base\schedule_intra.html <-- Mohit /www/base schedule_intra.html
2004.05.15 15:59 B C:\Mohit\www\base\registration.html.bk <-- Mohit /www/base registration.html.bk
2004.05.15 15:59 B C:\Mohit\www\base\hotels.html <-- Mohit /www/base hotels.html
2004.05.15 15:59 B C:\Mohit\www\base\schedule_intra.html.save <-- Mohit /www/base schedule_intra.html.save
2004.05.15 15:59 B C:\Mohit\www\base\schedule.php <-- Mohit /www/base schedule.php
2004.05.15 15:59 B C:\Mohit\www\base\registration.php <-- Mohit /www/base registration.php
2004.05.15 15:59 B C:\Mohit\www\base\faq.html <-- Mohit /www/base faq.html
2004.05.15 15:59 B C:\Mohit\www\base\faq.php <-- Mohit /www/base faq.php
2004.05.15 15:59 B C:\Mohit\www\base\contactus.php <-- Mohit /www/base contactus.php
2004.05.15 15:59 B C:\Mohit\www\base\updates.php <-- Mohit /www/base updates.php
2004.05.15 15:59 B C:\Mohit\www\base\assistance.php <-- Mohit /www/base assistance.php
2004.05.15 15:59 B C:\Mohit\www\base\acco.php <-- Mohit /www/base acco.php
2004.05.15 15:59 B C:\Mohit\www\base\commbus.jpg <-- Mohit /www/base commbus.jpg
2004.05.15 15:59 B C:\Mohit\www\base\assistance.php.bk <-- Mohit /www/base assistance.php.bk
2004.05.15 15:59 B C:\Mohit\www\base\acconew.php <-- Mohit /www/base acconew.php
2004.05.15 15:59 B C:\Mohit\www\base\sitemap.php <-- Mohit /www/base sitemap.php
2004.05.15 15:59 B C:\Mohit\www\base\newacco.php <-- Mohit /www/base newacco.php
2004.05.15 15:59 B C:\Mohit\www\base\accopage.php <-- Mohit /www/base accopage.php
2004.05.15 15:59 B C:\Mohit\www\base\acco_visitor.php <-- Mohit /www/base acco_visitor.php
2004.05.15 15:59 B C:\Mohit\www\base\visitor_form.pdf <-- Mohit /www/base visitor_form.pdf
2004.05.15 15:59 B C:\Mohit\www\base\oldregistration.php <-- Mohit /www/base oldregistration.php
2004.05.15 15:59 B C:\Mohit\www\base\newregister.php <-- Mohit /www/base newregister.php
2004.05.15 15:59 B C:\Mohit\www\base\ip1.txt <-- Mohit /www/base ip1.txt
2004.05.15 15:59 B C:\Mohit\www\base\registration2.php <-- Mohit /www/base registration2.php
2004.05.15 15:59 B C:\Mohit\www\base\registration1.php <-- Mohit /www/base registration1.php
2004.05.15 15:59 B C:\Mohit\www\base\home.php <-- Mohit /www/base home.php
2004.05.15 15:59 B C:\Mohit\www\base\registration.php.save <-- Mohit /www/base registration.php.save
2004.05.15 15:59 B C:\Mohit\www\base\register1.jpg <-- Mohit /www/base register1.jpg
2004.05.15 16:00 B C:\Mohit\www\base\hospitality1.jpg <-- Mohit /www/base hospitality1.jpg
2004.05.15 16:00 B C:\Mohit\www\base\sitemap1.php <-- Mohit /www/base sitemap1.php
2004.05.15 16:00 B C:\Mohit\www\base\assistance1.php <-- Mohit /www/base assistance1.php
2004.05.15 16:00 B C:\Mohit\www\base\sitemap.php.save <-- Mohit /www/base sitemap.php.save
2004.05.15 16:00 B C:\Mohit\www\base\media.php <-- Mohit /www/base media.php
2004.05.15 16:00 B C:\Mohit\www\base\contactus2.php <-- Mohit /www/base contactus2.php
2004.05.15 16:00 B C:\Mohit\www\base\acco1.php <-- Mohit /www/base acco1.php
