2004.05.15 16:04 B C:\Mohit\www\competitions\competitions.html <-- Mohit /www/competitions competitions.html
2004.05.15 16:04 B C:\Mohit\www\competitions\dirtracing.html <-- Mohit /www/competitions dirtracing.html
2004.05.15 16:04 B C:\Mohit\www\competitions\waterrockets.html <-- Mohit /www/competitions waterrockets.html
2004.05.15 16:04 B C:\Mohit\www\competitions\planetearth.html <-- Mohit /www/competitions planetearth.html
2004.05.15 16:04 B C:\Mohit\www\competitions\opensoftware.html <-- Mohit /www/competitions opensoftware.html
2004.05.15 16:04 B C:\Mohit\www\competitions\openhardware.html <-- Mohit /www/competitions openhardware.html
2004.05.15 16:04 B C:\Mohit\www\competitions\opendesign.html <-- Mohit /www/competitions opendesign.html
2004.05.15 16:04 B C:\Mohit\www\competitions\kurukshetra.html <-- Mohit /www/competitions kurukshetra.html
2004.05.15 16:04 B C:\Mohit\www\competitions\krazie2.html <-- Mohit /www/competitions krazie2.html
2004.05.15 16:04 B C:\Mohit\www\competitions\contraption.html <-- Mohit /www/competitions contraption.html
2004.05.15 16:04 B C:\Mohit\www\competitions\atlantis.html <-- Mohit /www/competitions atlantis.html
2004.05.15 16:04 B C:\Mohit\www\competitions\odc_list.html <-- Mohit /www/competitions odc_list.html
2004.05.15 16:04 B C:\Mohit\www\competitions\kur_list.html <-- Mohit /www/competitions kur_list.html
2004.05.15 16:04 B C:\Mohit\www\competitions\ki_list.html <-- Mohit /www/competitions ki_list.html
2004.05.15 16:04 B C:\Mohit\www\competitions\atl_list.html <-- Mohit /www/competitions atl_list.html
2004.05.15 16:04 B C:\Mohit\www\competitions\onlinemain.html <-- Mohit /www/competitions onlinemain.html
2004.05.15 16:04 B C:\Mohit\www\competitions\os_list.html <-- Mohit /www/competitions os_list.html
2004.05.15 16:05 B C:\Mohit\www\competitions\oh_list.html <-- Mohit /www/competitions oh_list.html
2004.05.15 16:05 B C:\Mohit\www\competitions\planetearth_list1.html <-- Mohit /www/competitions planetearth_list1.html
2004.05.15 16:05 B C:\Mohit\www\competitions\planetearth_list.html <-- Mohit /www/competitions planetearth_list.html
2004.05.15 16:05 B C:\Mohit\www\competitions\os_list1.html <-- Mohit /www/competitions os_list1.html
2004.05.15 16:05 B C:\Mohit\www\competitions\oh_list1.html <-- Mohit /www/competitions oh_list1.html
2004.05.15 16:05 B C:\Mohit\www\competitions\odc_list1.html <-- Mohit /www/competitions odc_list1.html
2004.05.15 16:05 B C:\Mohit\www\competitions\intra.html <-- Mohit /www/competitions intra.html
2004.05.15 16:05 B C:\Mohit\www\competitions\index.html <-- Mohit /www/competitions index.html
2004.05.15 16:05 B C:\Mohit\www\competitions\crypto.html <-- Mohit /www/competitions crypto.html
2004.05.15 16:05 B C:\Mohit\www\competitions\opencompetitions.html <-- Mohit /www/competitions opencompetitions.html
2004.05.15 16:05 B C:\Mohit\www\competitions\kurukshetrascoring.html <-- Mohit /www/competitions kurukshetrascoring.html
2004.05.15 16:05 B C:\Mohit\www\competitions\kurukshetrainstall.html <-- Mohit /www/competitions kurukshetrainstall.html
2004.05.15 16:05 B C:\Mohit\www\competitions\intra.php <-- Mohit /www/competitions intra.php
2004.05.15 16:05 B C:\Mohit\www\competitions\hints.php <-- Mohit /www/competitions hints.php
2004.05.15 16:05 B C:\Mohit\www\competitions\hints.html <-- Mohit /www/competitions hints.html
2004.05.15 16:05 B C:\Mohit\www\competitions\gravity.html <-- Mohit /www/competitions gravity.html
2004.05.15 16:05 B C:\Mohit\www\competitions\faq.html <-- Mohit /www/competitions faq.html
2004.05.15 16:05 B C:\Mohit\www\competitions\crypto.php <-- Mohit /www/competitions crypto.php
2004.05.15 16:05 B C:\Mohit\www\competitions\atlantis_faq.html <-- Mohit /www/competitions atlantis_faq.html
2004.05.15 16:05 B C:\Mohit\www\competitions\submit.zip <-- Mohit /www/competitions submit.zip
2004.05.15 16:05 B C:\Mohit\www\competitions\kurukshetrainstall.php <-- Mohit /www/competitions kurukshetrainstall.php
2004.05.15 16:05 B C:\Mohit\www\competitions\kurukshetrainstall.pdf <-- Mohit /www/competitions kurukshetrainstall.pdf
2004.05.15 16:05 B C:\Mohit\www\competitions\kurukshetra.zip <-- Mohit /www/competitions kurukshetra.zip
2004.05.15 16:05 B C:\Mohit\www\competitions\kurukshetra.php <-- Mohit /www/competitions kurukshetra.php
2004.05.15 16:05 B C:\Mohit\www\competitions\onlinemain.php <-- Mohit /www/competitions onlinemain.php
2004.05.15 16:05 B C:\Mohit\www\competitions\opendesign.php <-- Mohit /www/competitions opendesign.php
2004.05.15 16:05 B C:\Mohit\www\competitions\watson.php <-- Mohit /www/competitions watson.php
2004.05.15 16:05 B C:\Mohit\www\competitions\planet_earth.pdf <-- Mohit /www/competitions planet_earth.pdf
2004.05.15 16:06 B C:\Mohit\www\competitions\opensoftwarerules.pdf <-- Mohit /www/competitions opensoftwarerules.pdf
2004.05.15 16:06 B C:\Mohit\www\competitions\openhardwarerules.pdf <-- Mohit /www/competitions openhardwarerules.pdf
2004.05.15 16:06 B C:\Mohit\www\competitions\opendesign.pdf <-- Mohit /www/competitions opendesign.pdf
2004.05.15 16:06 B C:\Mohit\www\competitions\krazie2.pdf <-- Mohit /www/competitions krazie2.pdf
2004.05.15 16:06 B C:\Mohit\www\competitions\crossword.jpg <-- Mohit /www/competitions crossword.jpg
2004.05.15 16:06 B C:\Mohit\www\competitions\planetearth.php <-- Mohit /www/competitions planetearth.php
2004.05.15 16:06 B C:\Mohit\www\competitions\opensoftware.php <-- Mohit /www/competitions opensoftware.php
2004.05.15 16:06 B C:\Mohit\www\competitions\openhardware.php <-- Mohit /www/competitions openhardware.php
2004.05.15 16:06 B C:\Mohit\www\competitions\krazie2.php <-- Mohit /www/competitions krazie2.php
2004.05.15 16:06 B C:\Mohit\www\competitions\atlantis_faq.php <-- Mohit /www/competitions atlantis_faq.php
2004.05.15 16:06 B C:\Mohit\www\competitions\herojet22.jpg <-- Mohit /www/competitions herojet22.jpg
2004.05.15 16:06 B C:\Mohit\www\competitions\herculesmtbdx.jpg <-- Mohit /www/competitions herculesmtbdx.jpg
2004.05.15 16:06 B C:\Mohit\www\competitions\BSAmach.jpg <-- Mohit /www/competitions BSAmach.jpg
2004.05.15 16:06 B C:\Mohit\www\competitions\BSAladybird.jpg <-- Mohit /www/competitions BSAladybird.jpg
2004.05.15 16:06 B C:\Mohit\www\competitions\opencompetitions.php <-- Mohit /www/competitions opencompetitions.php
2004.05.15 16:06 B C:\Mohit\www\competitions\lastraw.php.save <-- Mohit /www/competitions lastraw.php.save
2004.05.15 16:06 B C:\Mohit\www\competitions\lastraw.php <-- Mohit /www/competitions lastraw.php
2004.05.15 16:06 B C:\Mohit\www\competitions\contraption.php <-- Mohit /www/competitions contraption.php
2004.05.15 16:06 B C:\Mohit\www\competitions\atlantis.php <-- Mohit /www/competitions atlantis.php
2004.05.15 16:06 B C:\Mohit\www\competitions\atlantis.pdf <-- Mohit /www/competitions atlantis.pdf
2004.05.15 16:06 B C:\Mohit\www\competitions\gravity.php <-- Mohit /www/competitions gravity.php
2004.05.15 16:06 B C:\Mohit\www\competitions\competitions.php <-- Mohit /www/competitions competitions.php
2004.05.15 16:06 B C:\Mohit\www\competitions\dirtracing.php <-- Mohit /www/competitions dirtracing.php
2004.05.15 16:07 B C:\Mohit\www\competitions\waterrockets.php <-- Mohit /www/competitions waterrockets.php
2004.05.15 16:07 B C:\Mohit\www\competitions\faq.php <-- Mohit /www/competitions faq.php
2004.05.15 16:07 B C:\Mohit\www\competitions\atlantis_general.jpg <-- Mohit /www/competitions atlantis_general.jpg
2004.05.15 16:07 B C:\Mohit\www\competitions\bug.txt <-- Mohit /www/competitions bug.txt
2004.05.15 16:07 B C:\Mohit\www\competitions\waterrocketrules.pdf <-- Mohit /www/competitions waterrocketrules.pdf
2004.05.15 16:07 B C:\Mohit\www\competitions\dirtracing.pdf <-- Mohit /www/competitions dirtracing.pdf
2004.05.15 16:07 B C:\Mohit\www\competitions\dirtracing.php.save <-- Mohit /www/competitions dirtracing.php.save
2004.05.15 16:07 B C:\Mohit\www\competitions\kurukshetrascoring.php <-- Mohit /www/competitions kurukshetrascoring.php
2004.05.15 16:07 B C:\Mohit\www\competitions\kurukshetra.pdf <-- Mohit /www/competitions kurukshetra.pdf
2004.05.15 16:07 B C:\Mohit\www\competitions\krazie.php <-- Mohit /www/competitions krazie.php
2004.05.15 16:07 B C:\Mohit\www\competitions\atlantis_small.jpg <-- Mohit /www/competitions atlantis_small.jpg
2004.05.15 16:07 B C:\Mohit\www\competitions\atlantis.jpg <-- Mohit /www/competitions atlantis.jpg
2004.05.15 16:07 B C:\Mohit\www\competitions\temp <-- Mohit /www/competitions temp
2004.05.15 16:07 B C:\Mohit\www\competitions\kurukshetrabug.php <-- Mohit /www/competitions kurukshetrabug.php
2004.05.15 16:07 B C:\Mohit\www\competitions\atlantis1.jpg <-- Mohit /www/competitions atlantis1.jpg
2004.05.15 16:07 B C:\Mohit\www\competitions\atlantis.dwg <-- Mohit /www/competitions atlantis.dwg
2004.05.15 16:07 B C:\Mohit\www\competitions\atlantis_small1.jpg <-- Mohit /www/competitions atlantis_small1.jpg
2004.05.15 16:07 B C:\Mohit\www\competitions\openhardware.jpg <-- Mohit /www/competitions openhardware.jpg
2004.05.15 16:07 B C:\Mohit\www\competitions\comp24.jpg <-- Mohit /www/competitions comp24.jpg
2004.05.15 16:07 B C:\Mohit\www\competitions\competitionsnext.php <-- Mohit /www/competitions competitionsnext.php
2004.05.15 16:07 B C:\Mohit\www\competitions\competitions1.php <-- Mohit /www/competitions competitions1.php
2004.05.15 16:07 B C:\Mohit\www\competitions\contraprules.pdf <-- Mohit /www/competitions contraprules.pdf
2004.05.15 16:07 B C:\Mohit\www\competitions\krazie.jpg <-- Mohit /www/competitions krazie.jpg
2004.05.15 16:07 B C:\Mohit\www\competitions\yantriki.php <-- Mohit /www/competitions yantriki.php
2004.05.15 16:07 B C:\Mohit\www\competitions\yant.php <-- Mohit /www/competitions yant.php
2004.05.15 16:07 B C:\Mohit\www\competitions\quiz1.php <-- Mohit /www/competitions quiz1.php
2004.05.15 16:07 B C:\Mohit\www\competitions\quiz.php <-- Mohit /www/competitions quiz.php
2004.05.15 16:07 B C:\Mohit\www\competitions\q1.php <-- Mohit /www/competitions q1.php
2004.05.15 16:07 B C:\Mohit\www\competitions\opensoft.php <-- Mohit /www/competitions opensoft.php
2004.05.15 16:07 B C:\Mohit\www\competitions\last.php <-- Mohit /www/competitions last.php
2004.05.15 16:07 B C:\Mohit\www\competitions\competitions4.php <-- Mohit /www/competitions competitions4.php
2004.05.15 16:07 B C:\Mohit\www\competitions\competitions3.php <-- Mohit /www/competitions competitions3.php
2004.05.15 16:08 B C:\Mohit\www\competitions\competitions2.php <-- Mohit /www/competitions competitions2.php
2004.05.15 16:08 B C:\Mohit\www\competitions\comp2.php <-- Mohit /www/competitions comp2.php
2004.05.15 16:08 B C:\Mohit\www\competitions\chemsplash.php <-- Mohit /www/competitions chemsplash.php
2004.05.15 16:08 B C:\Mohit\www\competitions\chems.php <-- Mohit /www/competitions chems.php
2004.05.15 16:08 B C:\Mohit\www\competitions\chemsplash.php.save <-- Mohit /www/competitions chemsplash.php.save
2004.05.15 16:08 B C:\Mohit\www\competitions\opensoftwareabstract.pdf <-- Mohit /www/competitions opensoftwareabstract.pdf
2004.05.15 16:08 B C:\Mohit\www\competitions\contraption.php.save <-- Mohit /www/competitions contraption.php.save
2004.05.15 16:08 B C:\Mohit\www\competitions\abstract_openhardware.pdf <-- Mohit /www/competitions abstract_openhardware.pdf
2004.05.15 16:08 B C:\Mohit\www\competitions\chem-car.jpg <-- Mohit /www/competitions chem-car.jpg
2004.05.15 16:08 B C:\Mohit\www\competitions\reno.jpg <-- Mohit /www/competitions reno.jpg
2004.05.15 16:08 B C:\Mohit\www\competitions\DCPa.jpg <-- Mohit /www/competitions DCPa.jpg
2004.05.15 16:08 B C:\Mohit\www\competitions\chemecar1.jpg <-- Mohit /www/competitions chemecar1.jpg
2004.05.15 16:08 B C:\Mohit\www\competitions\chemcar1.jpg <-- Mohit /www/competitions chemcar1.jpg
2004.05.15 16:08 B C:\Mohit\www\competitions\car1.jpg <-- Mohit /www/competitions car1.jpg
2004.05.15 16:08 B C:\Mohit\www\competitions\Adelaide.jpg <-- Mohit /www/competitions Adelaide.jpg
2004.05.15 16:08 B C:\Mohit\www\competitions\y4.jpg <-- Mohit /www/competitions y4.jpg
2004.05.15 16:08 B C:\Mohit\www\competitions\y3.jpg <-- Mohit /www/competitions y3.jpg
2004.05.15 16:08 B C:\Mohit\www\competitions\y1.jpg <-- Mohit /www/competitions y1.jpg
2004.05.15 16:08 B C:\Mohit\www\competitions\siemens.jpg <-- Mohit /www/competitions siemens.jpg
2004.05.15 16:08 B C:\Mohit\www\competitions\v6r.jpg <-- Mohit /www/competitions v6r.jpg
2004.05.15 16:08 B C:\Mohit\www\competitions\last.jpg <-- Mohit /www/competitions last.jpg
2004.05.15 16:08 B C:\Mohit\www\competitions\hcc4r.jpg <-- Mohit /www/competitions hcc4r.jpg
2004.05.15 16:08 B C:\Mohit\www\competitions\hcc2.jpg <-- Mohit /www/competitions hcc2.jpg
2004.05.15 16:08 B C:\Mohit\www\competitions\bridge1.jpg <-- Mohit /www/competitions bridge1.jpg
2004.05.15 16:08 B C:\Mohit\www\competitions\bridge.jpg <-- Mohit /www/competitions bridge.jpg
2004.05.15 16:08 B C:\Mohit\www\competitions\2000a.jpg <-- Mohit /www/competitions 2000a.jpg
