2004.05.15 16:23 B C:\Mohit\www\chemsplash\turbulence.html <-- Mohit /www/chemsplash turbulence.html
2004.05.15 16:23 B C:\Mohit\www\chemsplash\technum.html <-- Mohit /www/chemsplash technum.html
2004.05.15 16:23 B C:\Mohit\www\chemsplash\laporsche.html <-- Mohit /www/chemsplash laporsche.html
2004.05.15 16:23 B C:\Mohit\www\chemsplash\highspirits.html <-- Mohit /www/chemsplash highspirits.html
2004.05.15 16:23 B C:\Mohit\www\chemsplash\dexterden.html <-- Mohit /www/chemsplash dexterden.html
2004.05.15 16:23 B C:\Mohit\www\chemsplash\laporsche.html.save <-- Mohit /www/chemsplash laporsche.html.save
2004.05.15 16:23 B C:\Mohit\www\chemsplash\cheats.html <-- Mohit /www/chemsplash cheats.html
2004.05.15 16:23 B C:\Mohit\www\chemsplash\pic5.gif <-- Mohit /www/chemsplash pic5.gif
2004.05.15 16:23 B C:\Mohit\www\chemsplash\pic4.gif <-- Mohit /www/chemsplash pic4.gif
2004.05.15 16:23 B C:\Mohit\www\chemsplash\pic3.gif <-- Mohit /www/chemsplash pic3.gif
2004.05.15 16:23 B C:\Mohit\www\chemsplash\pic2.gif <-- Mohit /www/chemsplash pic2.gif
2004.05.15 16:23 B C:\Mohit\www\chemsplash\pic1.jpg <-- Mohit /www/chemsplash pic1.jpg
2004.05.15 16:23 B C:\Mohit\www\chemsplash\laporsche.pdf <-- Mohit /www/chemsplash laporsche.pdf
2004.05.15 16:23 B C:\Mohit\www\chemsplash\Highspirits.pdf <-- Mohit /www/chemsplash Highspirits.pdf
2004.05.15 16:23 B C:\Mohit\www\chemsplash\opus_list.html <-- Mohit /www/chemsplash opus_list.html
2004.05.15 16:24 B C:\Mohit\www\chemsplash\intralaporsche.html <-- Mohit /www/chemsplash intralaporsche.html
2004.05.15 16:24 B C:\Mohit\www\chemsplash\chemsplash.html <-- Mohit /www/chemsplash chemsplash.html
2004.05.15 16:24 B C:\Mohit\www\chemsplash\laporsche.php <-- Mohit /www/chemsplash laporsche.php
2004.05.15 16:24 B C:\Mohit\www\chemsplash\technum.php <-- Mohit /www/chemsplash technum.php
2004.05.15 16:24 B C:\Mohit\www\chemsplash\intra.php <-- Mohit /www/chemsplash intra.php
2004.05.15 16:24 B C:\Mohit\www\chemsplash\index.html <-- Mohit /www/chemsplash index.html
2004.05.15 16:24 B C:\Mohit\www\chemsplash\chemsplash.php <-- Mohit /www/chemsplash chemsplash.php
2004.05.15 16:24 B C:\Mohit\www\chemsplash\onlinecompr.php <-- Mohit /www/chemsplash onlinecompr.php
2004.05.15 16:24 B C:\Mohit\www\chemsplash\onlinecomp.php <-- Mohit /www/chemsplash onlinecomp.php
2004.05.15 16:24 B C:\Mohit\www\chemsplash\img.zip <-- Mohit /www/chemsplash img.zip
2004.05.15 16:24 B C:\Mohit\www\chemsplash\techrules1.pdf <-- Mohit /www/chemsplash techrules1.pdf
2004.05.15 16:24 B C:\Mohit\www\chemsplash\techrules.pdf <-- Mohit /www/chemsplash techrules.pdf
2004.05.15 16:24 B C:\Mohit\www\chemsplash\Tech.pdf <-- Mohit /www/chemsplash Tech.pdf
2004.05.15 16:24 B C:\Mohit\www\chemsplash\Tech <-- Mohit /www/chemsplash Tech
2004.05.15 16:24 B C:\Mohit\www\chemsplash\turbulence.php <-- Mohit /www/chemsplash turbulence.php
2004.05.15 16:24 B C:\Mohit\www\chemsplash\highspirits.php <-- Mohit /www/chemsplash highspirits.php
2004.05.15 16:24 B C:\Mohit\www\chemsplash\dexterden.php <-- Mohit /www/chemsplash dexterden.php
2004.05.15 16:24 B C:\Mohit\www\chemsplash\onlinecomp.php.bk <-- Mohit /www/chemsplash onlinecomp.php.bk
2004.05.15 16:24 B C:\Mohit\www\chemsplash\188.jpg <-- Mohit /www/chemsplash 188.jpg
2004.05.15 16:24 B C:\Mohit\www\chemsplash\dexter.php <-- Mohit /www/chemsplash dexter.php
2004.05.15 16:25 B C:\Mohit\www\chemsplash\highspirits.pdf <-- Mohit /www/chemsplash highspirits.pdf
2004.05.15 16:25 B C:\Mohit\www\chemsplash\lapor.php <-- Mohit /www/chemsplash lapor.php
2004.05.15 16:25 B C:\Mohit\www\chemsplash\lapor1.php <-- Mohit /www/chemsplash lapor1.php
2004.05.15 16:25 B C:\Mohit\www\chemsplash\clip.gif <-- Mohit /www/chemsplash clip.gif
2004.05.15 16:25 B C:\Mohit\www\chemsplash\mol.jpg <-- Mohit /www/chemsplash mol.jpg
