2004.05.15 16:20 B C:\Mohit\www\events\naval.html <-- Mohit /www/events naval.html
2004.05.15 16:20 B C:\Mohit\www\events\hub.php <-- Mohit /www/events hub.php
2004.05.15 16:20 B C:\Mohit\www\events\hub.html <-- Mohit /www/events hub.html
2004.05.15 16:20 B C:\Mohit\www\events\events.html <-- Mohit /www/events events.html
2004.05.15 16:20 B C:\Mohit\www\events\technoholix.html <-- Mohit /www/events technoholix.html
2004.05.15 16:20 B C:\Mohit\www\events\techfestatdark.html <-- Mohit /www/events techfestatdark.html
2004.05.15 16:21 B C:\Mohit\www\events\events.php <-- Mohit /www/events events.php
2004.05.15 16:21 B C:\Mohit\www\events\naval.php <-- Mohit /www/events naval.php
2004.05.15 16:21 B C:\Mohit\www\events\technoholix.php <-- Mohit /www/events technoholix.php
2004.05.15 16:21 B C:\Mohit\www\events\events.php.bk <-- Mohit /www/events events.php.bk
2004.05.15 16:21 B C:\Mohit\www\events\events1.php <-- Mohit /www/events events1.php
2004.05.15 16:21 B C:\Mohit\www\events\techfestatdark.php <-- Mohit /www/events techfestatdark.php
2004.05.15 16:21 B C:\Mohit\www\events\randd.php <-- Mohit /www/events randd.php
2004.05.15 16:21 B C:\Mohit\www\events\lecture1.php <-- Mohit /www/events lecture1.php
2004.05.15 16:21 B C:\Mohit\www\events\kalam.jpg <-- Mohit /www/events kalam.jpg
2004.05.15 16:21 B C:\Mohit\www\events\v8r.jpg <-- Mohit /www/events v8r.jpg
2004.05.15 16:21 B C:\Mohit\www\events\robo2.jpg <-- Mohit /www/events robo2.jpg
2004.05.15 16:21 B C:\Mohit\www\events\robo.jpg <-- Mohit /www/events robo.jpg
2004.05.15 16:21 B C:\Mohit\www\events\ATT00005r.jpg <-- Mohit /www/events ATT00005r.jpg
2004.05.15 16:21 B C:\Mohit\www\events\6r.jpg <-- Mohit /www/events 6r.jpg
2004.05.15 16:21 B C:\Mohit\www\events\3r.jpg <-- Mohit /www/events 3r.jpg
2004.05.15 16:21 B C:\Mohit\www\events\2r.jpg <-- Mohit /www/events 2r.jpg
2004.05.15 16:21 B C:\Mohit\www\events\1.jpg <-- Mohit /www/events 1.jpg
