2004.05.15 15:53 B C:\Mohit\www\admin\temp1.xls <-- Mohit /www/admin temp1.xls
2004.05.15 15:53 B C:\Mohit\www\admin\savefile.php <-- Mohit /www/admin savefile.php
2004.05.15 15:53 B C:\Mohit\www\admin\openfile.php <-- Mohit /www/admin openfile.php
2004.05.15 15:53 B C:\Mohit\www\admin\header.php <-- Mohit /www/admin header.php
2004.05.15 15:53 B C:\Mohit\www\admin\foresult.php <-- Mohit /www/admin foresult.php
2004.05.15 15:53 B C:\Mohit\www\admin\changes.txt <-- Mohit /www/admin changes.txt
2004.05.15 15:53 B C:\Mohit\www\admin\del.php <-- Mohit /www/admin del.php
2004.05.15 15:53 B C:\Mohit\www\admin\r2.txt <-- Mohit /www/admin r2.txt
2004.05.15 15:53 B C:\Mohit\www\admin\r1.txt <-- Mohit /www/admin r1.txt
2004.05.15 15:53 B C:\Mohit\www\admin\process.php <-- Mohit /www/admin process.php
2004.05.15 15:53 B C:\Mohit\www\admin\mail_space.php <-- Mohit /www/admin mail_space.php
2004.05.15 15:53 B C:\Mohit\www\admin\in.php <-- Mohit /www/admin in.php
2004.05.15 15:53 B C:\Mohit\www\admin\submit.zip <-- Mohit /www/admin submit.zip
2004.05.15 15:53 B C:\Mohit\www\admin\mail_harki.php <-- Mohit /www/admin mail_harki.php
2004.05.15 15:53 B C:\Mohit\www\admin\mail1.php <-- Mohit /www/admin mail1.php
2004.05.15 15:53 B C:\Mohit\www\admin\w_download.php <-- Mohit /www/admin w_download.php
2004.05.15 15:53 B C:\Mohit\www\admin\view.php <-- Mohit /www/admin view.php
2004.05.15 15:53 B C:\Mohit\www\admin\temp.php <-- Mohit /www/admin temp.php
2004.05.15 15:53 B C:\Mohit\www\admin\publish.php <-- Mohit /www/admin publish.php
2004.05.15 15:53 B C:\Mohit\www\admin\mail_harki_space.php <-- Mohit /www/admin mail_harki_space.php
2004.05.15 15:53 B C:\Mohit\www\admin\mail.php <-- Mohit /www/admin mail.php
2004.05.15 15:53 B C:\Mohit\www\admin\index.php <-- Mohit /www/admin index.php
2004.05.15 15:53 B C:\Mohit\www\admin\download.php <-- Mohit /www/admin download.php
2004.05.15 15:53 B C:\Mohit\www\admin\do_cliff.php <-- Mohit /www/admin do_cliff.php
2004.05.15 15:53 B C:\Mohit\www\admin\add_workshop.php <-- Mohit /www/admin add_workshop.php
2004.05.15 15:53 B C:\Mohit\www\admin\add.php <-- Mohit /www/admin add.php
2004.05.15 15:53 B C:\Mohit\www\admin\result.php <-- Mohit /www/admin result.php
2004.05.15 15:53 B C:\Mohit\www\admin\IPR2.doc <-- Mohit /www/admin IPR2.doc
2004.05.15 15:54 B C:\Mohit\www\admin\IPR1.doc <-- Mohit /www/admin IPR1.doc
2004.05.15 15:54 B C:\Mohit\www\admin\Game1.doc <-- Mohit /www/admin Game1.doc
2004.05.15 15:54 B C:\Mohit\www\admin\CarT2.doc <-- Mohit /www/admin CarT2.doc
2004.05.15 15:54 B C:\Mohit\www\admin\CarT1.doc <-- Mohit /www/admin CarT1.doc
2004.05.15 15:54 B C:\Mohit\www\admin\Aero2.doc <-- Mohit /www/admin Aero2.doc
2004.05.15 15:54 B C:\Mohit\www\admin\Aero1.doc <-- Mohit /www/admin Aero1.doc
2004.05.15 15:54 B C:\Mohit\www\admin\testuser.php <-- Mohit /www/admin testuser.php
2004.05.15 15:54 B C:\Mohit\www\admin\IPR2.pdf <-- Mohit /www/admin IPR2.pdf
2004.05.15 15:54 B C:\Mohit\www\admin\CarT2.pdf <-- Mohit /www/admin CarT2.pdf
2004.05.15 15:54 B C:\Mohit\www\admin\Aero2.pdf <-- Mohit /www/admin Aero2.pdf
2004.05.15 15:54 B C:\Mohit\www\admin\IPR1.pdf <-- Mohit /www/admin IPR1.pdf
2004.05.15 15:54 B C:\Mohit\www\admin\Game1.pdf <-- Mohit /www/admin Game1.pdf
2004.05.15 15:55 B C:\Mohit\www\admin\Cartech.pdf <-- Mohit /www/admin Cartech.pdf
2004.05.15 15:55 B C:\Mohit\www\admin\mail.php.save <-- Mohit /www/admin mail.php.save
2004.05.15 15:55 B C:\Mohit\www\admin\workshops_abs.php.bk <-- Mohit /www/admin workshops_abs.php.bk
2004.05.15 15:55 B C:\Mohit\www\admin\login.php <-- Mohit /www/admin login.php
2004.05.15 15:55 B C:\Mohit\www\admin\logout.php <-- Mohit /www/admin logout.php
2004.05.15 15:55 B C:\Mohit\www\admin\index1.php <-- Mohit /www/admin index1.php
2004.05.15 15:55 B C:\Mohit\www\admin\faat.txt <-- Mohit /www/admin faat.txt
2004.05.15 16:02 B C:\Mohit\www\admin\header.php <-- Mohit /www/admin header.php
2004.05.15 16:02 B C:\Mohit\www\admin\r1.txt <-- Mohit /www/admin r1.txt
