2004.05.15 17:31 B C:\Mohit\www\forum\readm.php <-- Mohit /www/forum readm.php
2004.05.15 17:31 B C:\Mohit\www\forum\onlinec.php <-- Mohit /www/forum onlinec.php
2004.05.15 17:31 B C:\Mohit\www\forum\events.php <-- Mohit /www/forum events.php
2004.05.15 17:31 B C:\Mohit\www\forum\register.php <-- Mohit /www/forum register.php
2004.05.15 17:31 B C:\Mohit\www\forum\alumni.php <-- Mohit /www/forum alumni.php
2004.05.15 17:31 B C:\Mohit\www\forum\onlinec.ins <-- Mohit /www/forum onlinec.ins
2004.05.15 17:32 B C:\Mohit\www\forum\newinit.php <-- Mohit /www/forum newinit.php
2004.05.15 17:32 B C:\Mohit\www\forum\allparts.php <-- Mohit /www/forum allparts.php
2004.05.15 17:32 B C:\Mohit\www\forum\allcomp.php <-- Mohit /www/forum allcomp.php
2004.05.15 17:32 B C:\Mohit\www\forum\allp1.php <-- Mohit /www/forum allp1.php
2004.05.15 17:32 B C:\Mohit\www\forum\workshop1.php <-- Mohit /www/forum workshop1.php
2004.05.15 17:32 B C:\Mohit\www\forum\workshop.php <-- Mohit /www/forum workshop.php
2004.05.15 17:32 B C:\Mohit\www\forum\allalumni.php <-- Mohit /www/forum allalumni.php
2004.05.15 17:32 B C:\Mohit\www\forum\onlinec1.php <-- Mohit /www/forum onlinec1.php
2004.05.15 17:32 B C:\Mohit\www\forum\allp.php <-- Mohit /www/forum allp.php
2004.05.15 17:32 B C:\Mohit\www\forum\alumniparts.php <-- Mohit /www/forum alumniparts.php
2004.05.15 17:32 B C:\Mohit\www\forum\opensoftparts.php <-- Mohit /www/forum opensoftparts.php
2004.05.15 17:32 B C:\Mohit\www\forum\events1.php <-- Mohit /www/forum events1.php
2004.05.15 17:32 B C:\Mohit\www\forum\ocinit.php <-- Mohit /www/forum ocinit.php
2004.05.15 17:32 B C:\Mohit\www\forum\krazieparts.php <-- Mohit /www/forum krazieparts.php
2004.05.15 17:32 B C:\Mohit\www\forum\osparts.php <-- Mohit /www/forum osparts.php
2004.05.15 17:32 B C:\Mohit\www\forum\phpBB-2.0.3.zip <-- Mohit /www/forum phpBB-2.0.3.zip
2004.05.15 17:32 B C:\Mohit\www\forum\allaccom.php <-- Mohit /www/forum allaccom.php
2004.05.15 17:32 B C:\Mohit\www\forum\accom.php <-- Mohit /www/forum accom.php
2004.05.15 17:32 B C:\Mohit\www\forum\moderate.php <-- Mohit /www/forum moderate.php
2004.05.15 17:32 B C:\Mohit\www\forum\abc <-- Mohit /www/forum abc
2004.05.15 17:32 B C:\Mohit\www\forum\readm1.php <-- Mohit /www/forum readm1.php
2004.05.15 17:32 B C:\Mohit\www\forum\trace.php <-- Mohit /www/forum trace.php
2004.05.15 17:32 B C:\Mohit\www\forum\allips.php <-- Mohit /www/forum allips.php
2004.05.15 17:32 B C:\Mohit\www\forum\ntin <-- Mohit /www/forum ntin
2004.05.15 17:32 B C:\Mohit\www\forum\mysql.php <-- Mohit /www/forum mysql.php
2004.05.15 17:33 B C:\Mohit\www\forum\modmain.php <-- Mohit /www/forum modmain.php
2004.05.15 17:33 B C:\Mohit\www\forum\fil.php <-- Mohit /www/forum fil.php
2004.05.15 17:33 B C:\Mohit\www\forum\do.php <-- Mohit /www/forum do.php
2004.05.15 17:33 B C:\Mohit\www\forum\signup.php <-- Mohit /www/forum signup.php
2004.05.15 17:33 B C:\Mohit\www\forum\reg.php <-- Mohit /www/forum reg.php
2004.05.15 17:33 B C:\Mohit\www\forum\signin.php <-- Mohit /www/forum signin.php
2004.05.15 17:33 B C:\Mohit\www\forum\logout.php <-- Mohit /www/forum logout.php
2004.05.15 17:33 B C:\Mohit\www\forum\header.ini <-- Mohit /www/forum header.ini
2004.05.15 17:33 B C:\Mohit\www\forum\allusers.php <-- Mohit /www/forum allusers.php
2004.05.15 17:33 B C:\Mohit\www\forum\writemes.php <-- Mohit /www/forum writemes.php
2004.05.15 17:33 B C:\Mohit\www\forum\upd <-- Mohit /www/forum upd
2004.05.15 17:33 B C:\Mohit\www\forum\test1.php <-- Mohit /www/forum test1.php
2004.05.15 17:33 B C:\Mohit\www\forum\signbox.php <-- Mohit /www/forum signbox.php
2004.05.15 17:33 B C:\Mohit\www\forum\signbox.1 <-- Mohit /www/forum signbox.1
2004.05.15 17:33 B C:\Mohit\www\forum\readmes.php <-- Mohit /www/forum readmes.php
2004.05.15 17:33 B C:\Mohit\www\forum\initialize.php <-- Mohit /www/forum initialize.php
2004.05.15 17:33 B C:\Mohit\www\forum\index.htm <-- Mohit /www/forum index.htm
2004.05.15 17:33 B C:\Mohit\www\forum\forgot.php <-- Mohit /www/forum forgot.php
2004.05.15 17:33 B C:\Mohit\www\forum\footer.ini <-- Mohit /www/forum footer.ini
2004.05.15 17:33 B C:\Mohit\www\forum\config.php <-- Mohit /www/forum config.php
2004.05.15 17:33 B C:\Mohit\www\forum\co.php <-- Mohit /www/forum co.php
