2004.05.15 16:21 B C:\Mohit\www\cliffhanger\ip.txt <-- Mohit /www/cliffhanger ip.txt
2004.05.15 16:21 B C:\Mohit\www\cliffhanger\cliffhanger.php <-- Mohit /www/cliffhanger cliffhanger.php
2004.05.15 16:21 B C:\Mohit\www\cliffhanger\int.html <-- Mohit /www/cliffhanger int.html
2004.05.15 16:21 B C:\Mohit\www\cliffhanger\int.php <-- Mohit /www/cliffhanger int.php
2004.05.15 16:22 B C:\Mohit\www\cliffhanger\ip1.txt <-- Mohit /www/cliffhanger ip1.txt
2004.05.15 16:22 B C:\Mohit\www\cliffhanger\faq.php <-- Mohit /www/cliffhanger faq.php
2004.05.15 16:22 B C:\Mohit\www\cliffhanger\index.html <-- Mohit /www/cliffhanger index.html
2004.05.15 16:22 B C:\Mohit\www\cliffhanger\int_rules.pdf <-- Mohit /www/cliffhanger int_rules.pdf
2004.05.15 16:22 B C:\Mohit\www\cliffhanger\index.php <-- Mohit /www/cliffhanger index.php
2004.05.15 16:22 B C:\Mohit\www\cliffhanger\rope2.jpg <-- Mohit /www/cliffhanger rope2.jpg
2004.05.15 16:22 B C:\Mohit\www\cliffhanger\cliffhanger2.jpg <-- Mohit /www/cliffhanger cliffhanger2.jpg
2004.05.15 16:22 B C:\Mohit\www\cliffhanger\cliffhanger.jpg <-- Mohit /www/cliffhanger cliffhanger.jpg
2004.05.15 16:22 B C:\Mohit\www\cliffhanger\cliff_front_full.jpg <-- Mohit /www/cliffhanger cliff_front_full.jpg
2004.05.15 16:22 B C:\Mohit\www\cliffhanger\bal.jpg <-- Mohit /www/cliffhanger bal.jpg
2004.05.15 16:22 B C:\Mohit\www\cliffhanger\cliff_top_full.jpg <-- Mohit /www/cliffhanger cliff_top_full.jpg
2004.05.15 16:22 B C:\Mohit\www\cliffhanger\cliff_top.jpg <-- Mohit /www/cliffhanger cliff_top.jpg
2004.05.15 16:22 B C:\Mohit\www\cliffhanger\cliff_front.jpg <-- Mohit /www/cliffhanger cliff_front.jpg
2004.05.15 16:22 B C:\Mohit\www\cliffhanger\cliff.dwg <-- Mohit /www/cliffhanger cliff.dwg
2004.05.15 16:22 B C:\Mohit\www\cliffhanger\cliffhanger.php_+back <-- Mohit /www/cliffhanger cliffhanger.php_+back
2004.05.15 16:22 B C:\Mohit\www\cliffhanger\autocad2.jpg <-- Mohit /www/cliffhanger autocad2.jpg
2004.05.15 16:22 B C:\Mohit\www\cliffhanger\autocad1.jpg <-- Mohit /www/cliffhanger autocad1.jpg
2004.05.15 16:22 B C:\Mohit\www\cliffhanger\yantriki1.jpg <-- Mohit /www/cliffhanger yantriki1.jpg
2004.05.15 16:22 B C:\Mohit\www\cliffhanger\yantriki.jpg <-- Mohit /www/cliffhanger yantriki.jpg
