2004.05.15 17:43 B C:\Mohit\www\ASPtestPHP.rar <-- Mohit /www ASPtestPHP.rar
2004.05.15 18:21 B C:\Mohit\www\techfest.tar <-- Mohit /www techfest.tar
2004.05.15 18:21 B C:\Mohit\www\main.html <-- Mohit /www main.html
2004.05.15 18:21 B C:\Mohit\www\index1.html <-- Mohit /www index1.html
2004.05.15 18:21 B C:\Mohit\www\popup4.html <-- Mohit /www popup4.html
2004.05.15 18:21 B C:\Mohit\www\middlebottom_g.html <-- Mohit /www middlebottom_g.html
2004.05.15 18:21 B C:\Mohit\www\anugrah.htm <-- Mohit /www anugrah.htm
2004.05.15 18:21 B C:\Mohit\www\hierArrays.js <-- Mohit /www hierArrays.js
2004.05.15 18:21 B C:\Mohit\www\faat.txt <-- Mohit /www faat.txt
2004.05.15 18:21 B C:\Mohit\www\resultsday1.html <-- Mohit /www resultsday1.html
2004.05.15 18:21 B C:\Mohit\www\result.html <-- Mohit /www result.html
2004.05.15 18:21 B C:\Mohit\www\popup3.html <-- Mohit /www popup3.html
2004.05.15 18:21 B C:\Mohit\www\popup2.html <-- Mohit /www popup2.html
2004.05.15 18:21 B C:\Mohit\www\popup1.html <-- Mohit /www popup1.html
2004.05.15 18:21 B C:\Mohit\www\popup.html.save <-- Mohit /www popup.html.save
2004.05.15 18:21 B C:\Mohit\www\schedule.html <-- Mohit /www schedule.html
2004.05.15 18:21 B C:\Mohit\www\websitecover.jpg.bk <-- Mohit /www websitecover.jpg.bk
2004.05.15 18:21 B C:\Mohit\www\websitecover.jpg <-- Mohit /www websitecover.jpg
2004.05.15 18:21 B C:\Mohit\www\webcover3_final.jpg <-- Mohit /www webcover3_final.jpg
2004.05.15 18:22 B C:\Mohit\www\intro.swf <-- Mohit /www intro.swf
2004.05.15 18:22 B C:\Mohit\www\index.html.bk <-- Mohit /www index.html.bk
2004.05.15 18:22 B C:\Mohit\www\index.html <-- Mohit /www index.html
2004.05.15 18:22 B C:\Mohit\www\hierMenus.js <-- Mohit /www hierMenus.js
2004.05.15 18:22 B C:\Mohit\www\flash.html <-- Mohit /www flash.html
2004.05.15 18:22 B C:\Mohit\www\schedule.html.anchal <-- Mohit /www schedule.html.anchal
2004.05.15 18:23 B C:\Mohit\www\Schedule.html <-- Mohit /www Schedule.html
2004.05.15 18:23 B C:\Mohit\www\FINAL.swf <-- Mohit /www FINAL.swf
2004.05.15 18:23 B C:\Mohit\www\schedule.php <-- Mohit /www schedule.php
2004.05.15 18:23 B C:\Mohit\www\style1.css <-- Mohit /www style1.css
2004.05.15 18:23 B C:\Mohit\www\middletop_g2.html <-- Mohit /www middletop_g2.html
2004.05.15 18:23 B C:\Mohit\www\middletop_g.html <-- Mohit /www middletop_g.html
2004.05.15 18:23 B C:\Mohit\www\middlebottom_g3 <-- Mohit /www middlebottom_g3
2004.05.15 18:23 B C:\Mohit\www\hierArrays3.js <-- Mohit /www hierArrays3.js
2004.05.15 18:23 B C:\Mohit\www\hierArrays.js.save <-- Mohit /www hierArrays.js.save
2004.05.15 18:23 B C:\Mohit\www\crypto_start.txt <-- Mohit /www crypto_start.txt
2004.05.15 18:23 B C:\Mohit\www\style.css <-- Mohit /www style.css
2004.05.15 18:23 B C:\Mohit\www\middletop_g3.html <-- Mohit /www middletop_g3.html
2004.05.15 18:23 B C:\Mohit\www\middletop.html <-- Mohit /www middletop.html
2004.05.15 18:23 B C:\Mohit\www\main1.html <-- Mohit /www main1.html
2004.05.15 18:23 B C:\Mohit\www\main.php <-- Mohit /www main.php
2004.05.15 18:23 B C:\Mohit\www\main.html.bk <-- Mohit /www main.html.bk
2004.05.15 18:23 B C:\Mohit\www\main.htm <-- Mohit /www main.htm
2004.05.15 18:23 B C:\Mohit\www\righttop.html <-- Mohit /www righttop.html
2004.05.15 18:23 B C:\Mohit\www\schedule.php.save <-- Mohit /www schedule.php.save
2004.05.15 18:23 B C:\Mohit\www\hierArrays.js.bk <-- Mohit /www hierArrays.js.bk
2004.05.15 18:23 B C:\Mohit\www\middletop2.html <-- Mohit /www middletop2.html
2004.05.15 18:23 B C:\Mohit\www\middlebottom2.html <-- Mohit /www middlebottom2.html
2004.05.15 18:23 B C:\Mohit\www\lefttop.html <-- Mohit /www lefttop.html
2004.05.15 18:23 B C:\Mohit\www\leftbottom.html <-- Mohit /www leftbottom.html
2004.05.15 18:23 B C:\Mohit\www\middletop_final.jpg <-- Mohit /www middletop_final.jpg
2004.05.15 18:23 B C:\Mohit\www\middletop1.html <-- Mohit /www middletop1.html
2004.05.15 18:23 B C:\Mohit\www\middlebottom.html.bk <-- Mohit /www middlebottom.html.bk
2004.05.15 18:23 B C:\Mohit\www\middlebottom.html <-- Mohit /www middlebottom.html
2004.05.15 18:23 B C:\Mohit\www\index.php <-- Mohit /www index.php
2004.05.15 18:23 B C:\Mohit\www\demo.php <-- Mohit /www demo.php
2004.05.15 18:23 B C:\Mohit\www\main1.php <-- Mohit /www main1.php
2004.05.15 18:24 B C:\Mohit\www\test.php <-- Mohit /www test.php
2004.05.15 18:24 B C:\Mohit\www\saurabh <-- Mohit /www saurabh
2004.05.15 18:24 B C:\Mohit\www\rightbottom.html <-- Mohit /www rightbottom.html
2004.05.15 18:24 B C:\Mohit\www\middletop_g.html.save <-- Mohit /www middletop_g.html.save
2004.05.15 18:24 B C:\Mohit\www\last.php <-- Mohit /www last.php
2004.05.15 18:24 B C:\Mohit\www\box.php <-- Mohit /www box.php
2004.05.15 18:24 B C:\Mohit\www\hierArrays2.js <-- Mohit /www hierArrays2.js
2004.05.15 18:24 B C:\Mohit\www\hierArrays1.js <-- Mohit /www hierArrays1.js
2004.05.15 18:24 B C:\Mohit\www\HM_ArraysFrames.js <-- Mohit /www HM_ArraysFrames.js
2004.05.15 18:24 B C:\Mohit\www\redirect.html <-- Mohit /www redirect.html
2004.05.15 18:24 B C:\Mohit\www\mmm.html <-- Mohit /www mmm.html
2004.05.15 18:24 B C:\Mohit\www\main2.php <-- Mohit /www main2.php
2004.05.15 18:24 B C:\Mohit\www\index_s.html <-- Mohit /www index_s.html
2004.05.15 18:24 B C:\Mohit\www\r1.txt <-- Mohit /www r1.txt
2004.05.15 18:24 B C:\Mohit\www\middletop_g1.html <-- Mohit /www middletop_g1.html
2004.05.15 18:24 B C:\Mohit\www\index_saurabh.html <-- Mohit /www index_saurabh.html
2004.05.15 18:24 B C:\Mohit\www\index_final.html <-- Mohit /www index_final.html
2004.05.15 18:24 B C:\Mohit\www\sitemap.php <-- Mohit /www sitemap.php
2004.05.15 18:24 B C:\Mohit\www\index_g1.html <-- Mohit /www index_g1.html
2004.05.15 18:24 B C:\Mohit\www\middletop_linux.html <-- Mohit /www middletop_linux.html
2004.05.15 18:24 B C:\Mohit\www\index_g.html <-- Mohit /www index_g.html
2004.05.15 18:24 B C:\Mohit\www\techfest.swf <-- Mohit /www techfest.swf
2004.05.15 18:25 B C:\Mohit\www\middletop3.html <-- Mohit /www middletop3.html
2004.05.15 18:25 B C:\Mohit\www\index1.php <-- Mohit /www index1.php
2004.05.15 18:25 B C:\Mohit\www\HM_ScriptIE4.js <-- Mohit /www HM_ScriptIE4.js
2004.05.15 18:25 B C:\Mohit\www\HM_LoaderFrames.js <-- Mohit /www HM_LoaderFrames.js
2004.05.15 18:25 B C:\Mohit\www\middlebottom3.html <-- Mohit /www middlebottom3.html
2004.05.15 18:25 B C:\Mohit\www\index_s1.html <-- Mohit /www index_s1.html
2004.05.15 18:25 B C:\Mohit\www\index_backup.html <-- Mohit /www index_backup.html
2004.05.15 18:25 B C:\Mohit\www\middlebottom1.html <-- Mohit /www middlebottom1.html
2004.05.15 18:25 B C:\Mohit\www\main2.html <-- Mohit /www main2.html
2004.05.15 18:25 B C:\Mohit\www\index2.html <-- Mohit /www index2.html
2004.05.15 18:25 B C:\Mohit\www\imdex.html <-- Mohit /www imdex.html
2004.05.15 18:25 B C:\Mohit\www\HM_ScriptOPR.js <-- Mohit /www HM_ScriptOPR.js
2004.05.15 18:25 B C:\Mohit\www\HM_ScriptNS4.js <-- Mohit /www HM_ScriptNS4.js
2004.05.15 18:25 B C:\Mohit\www\HM_ScriptDOM.js <-- Mohit /www HM_ScriptDOM.js
2004.05.15 18:25 B C:\Mohit\www\effect.html <-- Mohit /www effect.html
2004.05.15 18:25 B C:\Mohit\www\middlebottom.html_01 <-- Mohit /www middlebottom.html_01
2004.05.15 18:25 B C:\Mohit\www\middletop_backup.html <-- Mohit /www middletop_backup.html
2004.05.15 18:25 B C:\Mohit\www\middlebottom_backup.html <-- Mohit /www middlebottom_backup.html
2004.05.15 18:25 B C:\Mohit\www\globals.inc <-- Mohit /www globals.inc
2004.05.15 18:25 B C:\Mohit\www\middletop1.htm <-- Mohit /www middletop1.htm
2004.05.15 18:25 B C:\Mohit\www\phprint.php <-- Mohit /www phprint.php
2004.05.15 18:25 B C:\Mohit\www\noname.html <-- Mohit /www noname.html
2004.05.15 18:25 B C:\Mohit\www\custom.css <-- Mohit /www custom.css
2004.05.15 18:25 B C:\Mohit\www\right.html <-- Mohit /www right.html
2004.05.15 18:25 B C:\Mohit\www\left.html <-- Mohit /www left.html
2004.05.15 18:25 B C:\Mohit\www\ypSlideOutMenus.js <-- Mohit /www ypSlideOutMenus.js
2004.05.15 18:25 B C:\Mohit\www\defaul.js <-- Mohit /www defaul.js
2004.05.15 18:25 B C:\Mohit\www\dhtmllib.js <-- Mohit /www dhtmllib.js
2004.05.15 18:25 B C:\Mohit\www\navcond.js <-- Mohit /www navcond.js
2004.05.15 18:25 B C:\Mohit\www\navbar.js <-- Mohit /www navbar.js
